<?xml version="1.0" encoding="UTF-8"?>
<!-- Generated by org.testng.reporters.JUnitReportReporter -->
<testsuite skipped="0" hostname="LAPTOP-SCJ4OHK5" name="testcases.Registatration_testcase" tests="1" failures="0" timestamp="08 Jul 2017 19:03:00 GMT" time="5.624" errors="0">
  <testcase name="Registration" time="5.624" classname="testcases.Registatration_testcase"/>
</testsuite> <!-- testcases.Registatration_testcase -->
