<?xml version="1.0" encoding="UTF-8"?>
<!-- Generated by org.testng.reporters.JUnitReportReporter -->
<testsuite skipped="0" hostname="LAPTOP-SCJ4OHK5" name="testcases.Registatration_Unsuccessful_testcase" tests="1" failures="0" timestamp="11 Jul 2017 18:22:15 GMT" time="14.729" errors="0">
  <testcase name="Registration_Unsuccessful" time="14.729" classname="testcases.Registatration_Unsuccessful_testcase"/>
</testsuite> <!-- testcases.Registatration_Unsuccessful_testcase -->
