<?xml version="1.0" encoding="UTF-8"?>
<!-- Generated by org.testng.reporters.JUnitReportReporter -->
<testsuite skipped="0" hostname="LAPTOP-SCJ4OHK5" name="testcases.Registatration_testcase" tests="1" failures="0" timestamp="25 Jun 2017 10:29:11 GMT" time="4.190" errors="0">
  <testcase name="Registration" time="4.190" classname="testcases.Registatration_testcase"/>
</testsuite> <!-- testcases.Registatration_testcase -->
